Determining if the pthread_create exist failed with the following output:
Change Dir: /mnt/c/Users/meyer/CLionProjects/spac2/cmake-build-debug/CMakeFiles/CMakeTmp

Run Build Command:"/usr/bin/make" "cmTC_827c4/fast"
make: Warning: File 'Makefile' has modification time 0.026 s in the future
/usr/bin/make -f CMakeFiles/cmTC_827c4.dir/build.make CMakeFiles/cmTC_827c4.dir/build
make[1]: Entering directory '/mnt/c/Users/meyer/CLionProjects/spac2/cmake-build-debug/CMakeFiles/CMakeTmp'
make[1]: Warning: File 'CMakeFiles/cmTC_827c4.dir/flags.make' has modification time 0.0091 s in the future
Building C object CMakeFiles/cmTC_827c4.dir/CheckSymbolExists.c.o
/usr/bin/cc    -o CMakeFiles/cmTC_827c4.dir/CheckSymbolExists.c.o   -c /mnt/c/Users/meyer/CLionProjects/spac2/cmake-build-debug/CMakeFiles/CMakeTmp/CheckSymbolExists.c
Linking C executable cmTC_827c4
/usr/bin/cmake -E cmake_link_script CMakeFiles/cmTC_827c4.dir/link.txt --verbose=1
/usr/bin/cc      CMakeFiles/cmTC_827c4.dir/CheckSymbolExists.c.o  -o cmTC_827c4 
CMakeFiles/cmTC_827c4.dir/CheckSymbolExists.c.o: In function `main':
CheckSymbolExists.c:(.text+0x1b): undefined reference to `pthread_create'
collect2: error: ld returned 1 exit status
CMakeFiles/cmTC_827c4.dir/build.make:97: recipe for target 'cmTC_827c4' failed
make[1]: *** [cmTC_827c4] Error 1
make[1]: Leaving directory '/mnt/c/Users/meyer/CLionProjects/spac2/cmake-build-debug/CMakeFiles/CMakeTmp'
Makefile:126: recipe for target 'cmTC_827c4/fast' failed
make: *** [cmTC_827c4/fast] Error 2

File /mnt/c/Users/meyer/CLionProjects/spac2/cmake-build-debug/CMakeFiles/CMakeTmp/CheckSymbolExists.c:
/* */
#include <pthread.h>

int main(int argc, char** argv)
{
  (void)argv;
#ifndef pthread_create
  return ((int*)(&pthread_create))[argc];
#else
  (void)argc;
  return 0;
#endif
}

Determining if the function pthread_create exists in the pthreads failed with the following output:
Change Dir: /mnt/c/Users/meyer/CLionProjects/spac2/cmake-build-debug/CMakeFiles/CMakeTmp

Run Build Command:"/usr/bin/make" "cmTC_85f0b/fast"
make: Warning: File 'Makefile' has modification time 0.02 s in the future
/usr/bin/make -f CMakeFiles/cmTC_85f0b.dir/build.make CMakeFiles/cmTC_85f0b.dir/build
make[1]: Entering directory '/mnt/c/Users/meyer/CLionProjects/spac2/cmake-build-debug/CMakeFiles/CMakeTmp'
make[1]: Warning: File 'CMakeFiles/cmTC_85f0b.dir/flags.make' has modification time 0.0034 s in the future
Building C object CMakeFiles/cmTC_85f0b.dir/CheckFunctionExists.c.o
/usr/bin/cc   -DCHECK_FUNCTION_EXISTS=pthread_create   -o CMakeFiles/cmTC_85f0b.dir/CheckFunctionExists.c.o   -c /usr/share/cmake-3.10/Modules/CheckFunctionExists.c
Linking C executable cmTC_85f0b
/usr/bin/cmake -E cmake_link_script CMakeFiles/cmTC_85f0b.dir/link.txt --verbose=1
/usr/bin/cc  -DCHECK_FUNCTION_EXISTS=pthread_create    CMakeFiles/cmTC_85f0b.dir/CheckFunctionExists.c.o  -o cmTC_85f0b -lpthreads 
/usr/bin/ld: cannot find -lpthreads
collect2: error: ld returned 1 exit status
CMakeFiles/cmTC_85f0b.dir/build.make:97: recipe for target 'cmTC_85f0b' failed
make[1]: *** [cmTC_85f0b] Error 1
make[1]: Leaving directory '/mnt/c/Users/meyer/CLionProjects/spac2/cmake-build-debug/CMakeFiles/CMakeTmp'
Makefile:126: recipe for target 'cmTC_85f0b/fast' failed
make: *** [cmTC_85f0b/fast] Error 2


